<?xml version="1.0" encoding="UTF-8"?>
<!-- Generated by org.testng.reporters.JUnitReportReporter -->
<testsuite skipped="0" hostname="LAPTOP-FF62I3LT" name="git_test.TestPom" tests="1" failures="0" timestamp="16 May 2019 16:48:54 GMT" time="0.023" errors="0">
  <testcase name="test1" time="0.023" classname="git_test.TestPom"/>
</testsuite> <!-- git_test.TestPom -->
